<?xml version="1.0" encoding="UTF-8"?>
<testsuite name="com.backend.repository.TodoRepositoryTests_Log4J" tests="1" skipped="0" failures="0" errors="0" timestamp="2024-04-03T07:35:04" hostname="Yeongus-MacBook-Air.local" time="0.448">
  <properties/>
  <testcase name="testInsert()" classname="com.backend.repository.TodoRepositoryTests_Log4J" time="0.448"/>
  <system-out><![CDATA[16:35:03.050 [Test worker] INFO org.springframework.test.context.support.AnnotationConfigContextLoaderUtils -- Could not detect default configuration classes for test class [com.backend.repository.TodoRepositoryTests_Log4J]: TodoRepositoryTests_Log4J does not declare any static, non-private, non-final, nested classes annotated with @Configuration.
16:35:03.086 [Test worker] INFO org.springframework.boot.test.context.SpringBootTestContextBootstrapper -- Found @SpringBootConfiguration com.backend.BackendApplication for test class com.backend.repository.TodoRepositoryTests_Log4J

  .   ____          _            __ _ _
 /\\ / ___'_ __ _ _(_)_ __  __ _ \ \ \ \
( ( )\___ | '_ | '_| | '_ \/ _` | \ \ \ \
 \\/  ___)| |_)| | | | | || (_| |  ) ) ) )
  '  |____| .__|_| |_|_| |_\__, | / / / /
 =========|_|==============|___/=/_/_/_/
 :: Spring Boot ::                (v3.2.4)

2024-04-03T16:35:03.233+09:00  INFO 12524 --- [    Test worker] c.b.r.TodoRepositoryTests_Log4J          : Starting TodoRepositoryTests_Log4J using Java 21.0.1 with PID 12524 (started by yeonguchoe in /Users/yeonguchoe/Desktop/SaleCar24/backend)
2024-04-03T16:35:03.233+09:00  INFO 12524 --- [    Test worker] c.b.r.TodoRepositoryTests_Log4J          : No active profile set, falling back to 1 default profile: "default"
2024-04-03T16:35:03.469+09:00  INFO 12524 --- [    Test worker] .s.d.r.c.RepositoryConfigurationDelegate : Bootstrapping Spring Data JPA repositories in DEFAULT mode.
2024-04-03T16:35:03.494+09:00  INFO 12524 --- [    Test worker] .s.d.r.c.RepositoryConfigurationDelegate : Finished Spring Data repository scanning in 22 ms. Found 1 JPA repository interface.
2024-04-03T16:35:03.659+09:00  INFO 12524 --- [    Test worker] o.hibernate.jpa.internal.util.LogHelper  : HHH000204: Processing PersistenceUnitInfo [name: default]
2024-04-03T16:35:03.678+09:00  INFO 12524 --- [    Test worker] org.hibernate.Version                    : HHH000412: Hibernate ORM core version 6.4.4.Final
2024-04-03T16:35:03.690+09:00  INFO 12524 --- [    Test worker] o.h.c.internal.RegionFactoryInitiator    : HHH000026: Second-level cache disabled
2024-04-03T16:35:03.778+09:00  INFO 12524 --- [    Test worker] o.s.o.j.p.SpringPersistenceUnitInfo      : No LoadTimeWeaver setup: ignoring JPA class transformer
2024-04-03T16:35:03.788+09:00  INFO 12524 --- [    Test worker] com.zaxxer.hikari.HikariDataSource       : HikariPool-1 - Starting...
2024-04-03T16:35:03.849+09:00  INFO 12524 --- [    Test worker] com.zaxxer.hikari.pool.HikariPool        : HikariPool-1 - Added connection org.postgresql.jdbc.PgConnection@65e4cb84
2024-04-03T16:35:03.850+09:00  INFO 12524 --- [    Test worker] com.zaxxer.hikari.HikariDataSource       : HikariPool-1 - Start completed.
2024-04-03T16:35:04.156+09:00  INFO 12524 --- [    Test worker] o.h.e.t.j.p.i.JtaPlatformInitiator       : HHH000489: No JTA platform available (set 'hibernate.transaction.jta.platform' to enable JTA platform integration)
2024-04-03T16:35:04.172+09:00  INFO 12524 --- [    Test worker] j.LocalContainerEntityManagerFactoryBean : Initialized JPA EntityManagerFactory for persistence unit 'default'
2024-04-03T16:35:04.366+09:00  WARN 12524 --- [    Test worker] JpaBaseConfiguration$JpaWebConfiguration : spring.jpa.open-in-view is enabled by default. Therefore, database queries may be performed during view rendering. Explicitly configure spring.jpa.open-in-view to disable this warning
2024-04-03T16:35:04.535+09:00  INFO 12524 --- [    Test worker] c.b.r.TodoRepositoryTests_Log4J          : Started TodoRepositoryTests_Log4J in 1.381 seconds (process running for 1.823)
Hibernate: 
    select
        t1_0.tno,
        t1_0.complete,
        t1_0.content,
        t1_0.due_date,
        t1_0.title 
    from
        tbl_todo t1_0 
    where
        t1_0.tno=?
Hibernate: 
    insert 
    into
        tbl_todo
        (complete, content, due_date, title, tno) 
    values
        (?, ?, ?, ?, ?)
Hibernate: 
    select
        t1_0.tno,
        t1_0.complete,
        t1_0.content,
        t1_0.due_date,
        t1_0.title 
    from
        tbl_todo t1_0 
    where
        t1_0.tno=?
Hibernate: 
    insert 
    into
        tbl_todo
        (complete, content, due_date, title, tno) 
    values
        (?, ?, ?, ?, ?)
Hibernate: 
    select
        t1_0.tno,
        t1_0.complete,
        t1_0.content,
        t1_0.due_date,
        t1_0.title 
    from
        tbl_todo t1_0 
    where
        t1_0.tno=?
Hibernate: 
    insert 
    into
        tbl_todo
        (complete, content, due_date, title, tno) 
    values
        (?, ?, ?, ?, ?)
Hibernate: 
    select
        t1_0.tno,
        t1_0.complete,
        t1_0.content,
        t1_0.due_date,
        t1_0.title 
    from
        tbl_todo t1_0 
    where
        t1_0.tno=?
Hibernate: 
    insert 
    into
        tbl_todo
        (complete, content, due_date, title, tno) 
    values
        (?, ?, ?, ?, ?)
Hibernate: 
    select
        t1_0.tno,
        t1_0.complete,
        t1_0.content,
        t1_0.due_date,
        t1_0.title 
    from
        tbl_todo t1_0 
    where
        t1_0.tno=?
Hibernate: 
    insert 
    into
        tbl_todo
        (complete, content, due_date, title, tno) 
    values
        (?, ?, ?, ?, ?)
Hibernate: 
    select
        t1_0.tno,
        t1_0.complete,
        t1_0.content,
        t1_0.due_date,
        t1_0.title 
    from
        tbl_todo t1_0 
    where
        t1_0.tno=?
Hibernate: 
    insert 
    into
        tbl_todo
        (complete, content, due_date, title, tno) 
    values
        (?, ?, ?, ?, ?)
Hibernate: 
    select
        t1_0.tno,
        t1_0.complete,
        t1_0.content,
        t1_0.due_date,
        t1_0.title 
    from
        tbl_todo t1_0 
    where
        t1_0.tno=?
Hibernate: 
    insert 
    into
        tbl_todo
        (complete, content, due_date, title, tno) 
    values
        (?, ?, ?, ?, ?)
Hibernate: 
    select
        t1_0.tno,
        t1_0.complete,
        t1_0.content,
        t1_0.due_date,
        t1_0.title 
    from
        tbl_todo t1_0 
    where
        t1_0.tno=?
Hibernate: 
    insert 
    into
        tbl_todo
        (complete, content, due_date, title, tno) 
    values
        (?, ?, ?, ?, ?)
Hibernate: 
    select
        t1_0.tno,
        t1_0.complete,
        t1_0.content,
        t1_0.due_date,
        t1_0.title 
    from
        tbl_todo t1_0 
    where
        t1_0.tno=?
Hibernate: 
    insert 
    into
        tbl_todo
        (complete, content, due_date, title, tno) 
    values
        (?, ?, ?, ?, ?)
Hibernate: 
    select
        t1_0.tno,
        t1_0.complete,
        t1_0.content,
        t1_0.due_date,
        t1_0.title 
    from
        tbl_todo t1_0 
    where
        t1_0.tno=?
Hibernate: 
    insert 
    into
        tbl_todo
        (complete, content, due_date, title, tno) 
    values
        (?, ?, ?, ?, ?)
Hibernate: 
    select
        t1_0.tno,
        t1_0.complete,
        t1_0.content,
        t1_0.due_date,
        t1_0.title 
    from
        tbl_todo t1_0 
    where
        t1_0.tno=?
Hibernate: 
    insert 
    into
        tbl_todo
        (complete, content, due_date, title, tno) 
    values
        (?, ?, ?, ?, ?)
Hibernate: 
    select
        t1_0.tno,
        t1_0.complete,
        t1_0.content,
        t1_0.due_date,
        t1_0.title 
    from
        tbl_todo t1_0 
    where
        t1_0.tno=?
Hibernate: 
    insert 
    into
        tbl_todo
        (complete, content, due_date, title, tno) 
    values
        (?, ?, ?, ?, ?)
Hibernate: 
    select
        t1_0.tno,
        t1_0.complete,
        t1_0.content,
        t1_0.due_date,
        t1_0.title 
    from
        tbl_todo t1_0 
    where
        t1_0.tno=?
Hibernate: 
    insert 
    into
        tbl_todo
        (complete, content, due_date, title, tno) 
    values
        (?, ?, ?, ?, ?)
Hibernate: 
    select
        t1_0.tno,
        t1_0.complete,
        t1_0.content,
        t1_0.due_date,
        t1_0.title 
    from
        tbl_todo t1_0 
    where
        t1_0.tno=?
Hibernate: 
    insert 
    into
        tbl_todo
        (complete, content, due_date, title, tno) 
    values
        (?, ?, ?, ?, ?)
Hibernate: 
    select
        t1_0.tno,
        t1_0.complete,
        t1_0.content,
        t1_0.due_date,
        t1_0.title 
    from
        tbl_todo t1_0 
    where
        t1_0.tno=?
Hibernate: 
    insert 
    into
        tbl_todo
        (complete, content, due_date, title, tno) 
    values
        (?, ?, ?, ?, ?)
Hibernate: 
    select
        t1_0.tno,
        t1_0.complete,
        t1_0.content,
        t1_0.due_date,
        t1_0.title 
    from
        tbl_todo t1_0 
    where
        t1_0.tno=?
Hibernate: 
    insert 
    into
        tbl_todo
        (complete, content, due_date, title, tno) 
    values
        (?, ?, ?, ?, ?)
Hibernate: 
    select
        t1_0.tno,
        t1_0.complete,
        t1_0.content,
        t1_0.due_date,
        t1_0.title 
    from
        tbl_todo t1_0 
    where
        t1_0.tno=?
Hibernate: 
    insert 
    into
        tbl_todo
        (complete, content, due_date, title, tno) 
    values
        (?, ?, ?, ?, ?)
Hibernate: 
    select
        t1_0.tno,
        t1_0.complete,
        t1_0.content,
        t1_0.due_date,
        t1_0.title 
    from
        tbl_todo t1_0 
    where
        t1_0.tno=?
Hibernate: 
    insert 
    into
        tbl_todo
        (complete, content, due_date, title, tno) 
    values
        (?, ?, ?, ?, ?)
Hibernate: 
    select
        t1_0.tno,
        t1_0.complete,
        t1_0.content,
        t1_0.due_date,
        t1_0.title 
    from
        tbl_todo t1_0 
    where
        t1_0.tno=?
Hibernate: 
    insert 
    into
        tbl_todo
        (complete, content, due_date, title, tno) 
    values
        (?, ?, ?, ?, ?)
Hibernate: 
    select
        t1_0.tno,
        t1_0.complete,
        t1_0.content,
        t1_0.due_date,
        t1_0.title 
    from
        tbl_todo t1_0 
    where
        t1_0.tno=?
Hibernate: 
    insert 
    into
        tbl_todo
        (complete, content, due_date, title, tno) 
    values
        (?, ?, ?, ?, ?)
Hibernate: 
    select
        t1_0.tno,
        t1_0.complete,
        t1_0.content,
        t1_0.due_date,
        t1_0.title 
    from
        tbl_todo t1_0 
    where
        t1_0.tno=?
Hibernate: 
    insert 
    into
        tbl_todo
        (complete, content, due_date, title, tno) 
    values
        (?, ?, ?, ?, ?)
Hibernate: 
    select
        t1_0.tno,
        t1_0.complete,
        t1_0.content,
        t1_0.due_date,
        t1_0.title 
    from
        tbl_todo t1_0 
    where
        t1_0.tno=?
Hibernate: 
    insert 
    into
        tbl_todo
        (complete, content, due_date, title, tno) 
    values
        (?, ?, ?, ?, ?)
Hibernate: 
    select
        t1_0.tno,
        t1_0.complete,
        t1_0.content,
        t1_0.due_date,
        t1_0.title 
    from
        tbl_todo t1_0 
    where
        t1_0.tno=?
Hibernate: 
    insert 
    into
        tbl_todo
        (complete, content, due_date, title, tno) 
    values
        (?, ?, ?, ?, ?)
Hibernate: 
    select
        t1_0.tno,
        t1_0.complete,
        t1_0.content,
        t1_0.due_date,
        t1_0.title 
    from
        tbl_todo t1_0 
    where
        t1_0.tno=?
Hibernate: 
    insert 
    into
        tbl_todo
        (complete, content, due_date, title, tno) 
    values
        (?, ?, ?, ?, ?)
Hibernate: 
    select
        t1_0.tno,
        t1_0.complete,
        t1_0.content,
        t1_0.due_date,
        t1_0.title 
    from
        tbl_todo t1_0 
    where
        t1_0.tno=?
Hibernate: 
    insert 
    into
        tbl_todo
        (complete, content, due_date, title, tno) 
    values
        (?, ?, ?, ?, ?)
Hibernate: 
    select
        t1_0.tno,
        t1_0.complete,
        t1_0.content,
        t1_0.due_date,
        t1_0.title 
    from
        tbl_todo t1_0 
    where
        t1_0.tno=?
Hibernate: 
    insert 
    into
        tbl_todo
        (complete, content, due_date, title, tno) 
    values
        (?, ?, ?, ?, ?)
Hibernate: 
    select
        t1_0.tno,
        t1_0.complete,
        t1_0.content,
        t1_0.due_date,
        t1_0.title 
    from
        tbl_todo t1_0 
    where
        t1_0.tno=?
Hibernate: 
    insert 
    into
        tbl_todo
        (complete, content, due_date, title, tno) 
    values
        (?, ?, ?, ?, ?)
Hibernate: 
    select
        t1_0.tno,
        t1_0.complete,
        t1_0.content,
        t1_0.due_date,
        t1_0.title 
    from
        tbl_todo t1_0 
    where
        t1_0.tno=?
Hibernate: 
    insert 
    into
        tbl_todo
        (complete, content, due_date, title, tno) 
    values
        (?, ?, ?, ?, ?)
Hibernate: 
    select
        t1_0.tno,
        t1_0.complete,
        t1_0.content,
        t1_0.due_date,
        t1_0.title 
    from
        tbl_todo t1_0 
    where
        t1_0.tno=?
Hibernate: 
    insert 
    into
        tbl_todo
        (complete, content, due_date, title, tno) 
    values
        (?, ?, ?, ?, ?)
Hibernate: 
    select
        t1_0.tno,
        t1_0.complete,
        t1_0.content,
        t1_0.due_date,
        t1_0.title 
    from
        tbl_todo t1_0 
    where
        t1_0.tno=?
Hibernate: 
    insert 
    into
        tbl_todo
        (complete, content, due_date, title, tno) 
    values
        (?, ?, ?, ?, ?)
Hibernate: 
    select
        t1_0.tno,
        t1_0.complete,
        t1_0.content,
        t1_0.due_date,
        t1_0.title 
    from
        tbl_todo t1_0 
    where
        t1_0.tno=?
Hibernate: 
    insert 
    into
        tbl_todo
        (complete, content, due_date, title, tno) 
    values
        (?, ?, ?, ?, ?)
Hibernate: 
    select
        t1_0.tno,
        t1_0.complete,
        t1_0.content,
        t1_0.due_date,
        t1_0.title 
    from
        tbl_todo t1_0 
    where
        t1_0.tno=?
Hibernate: 
    insert 
    into
        tbl_todo
        (complete, content, due_date, title, tno) 
    values
        (?, ?, ?, ?, ?)
Hibernate: 
    select
        t1_0.tno,
        t1_0.complete,
        t1_0.content,
        t1_0.due_date,
        t1_0.title 
    from
        tbl_todo t1_0 
    where
        t1_0.tno=?
Hibernate: 
    insert 
    into
        tbl_todo
        (complete, content, due_date, title, tno) 
    values
        (?, ?, ?, ?, ?)
Hibernate: 
    select
        t1_0.tno,
        t1_0.complete,
        t1_0.content,
        t1_0.due_date,
        t1_0.title 
    from
        tbl_todo t1_0 
    where
        t1_0.tno=?
Hibernate: 
    insert 
    into
        tbl_todo
        (complete, content, due_date, title, tno) 
    values
        (?, ?, ?, ?, ?)
Hibernate: 
    select
        t1_0.tno,
        t1_0.complete,
        t1_0.content,
        t1_0.due_date,
        t1_0.title 
    from
        tbl_todo t1_0 
    where
        t1_0.tno=?
Hibernate: 
    insert 
    into
        tbl_todo
        (complete, content, due_date, title, tno) 
    values
        (?, ?, ?, ?, ?)
Hibernate: 
    select
        t1_0.tno,
        t1_0.complete,
        t1_0.content,
        t1_0.due_date,
        t1_0.title 
    from
        tbl_todo t1_0 
    where
        t1_0.tno=?
Hibernate: 
    insert 
    into
        tbl_todo
        (complete, content, due_date, title, tno) 
    values
        (?, ?, ?, ?, ?)
Hibernate: 
    select
        t1_0.tno,
        t1_0.complete,
        t1_0.content,
        t1_0.due_date,
        t1_0.title 
    from
        tbl_todo t1_0 
    where
        t1_0.tno=?
Hibernate: 
    insert 
    into
        tbl_todo
        (complete, content, due_date, title, tno) 
    values
        (?, ?, ?, ?, ?)
Hibernate: 
    select
        t1_0.tno,
        t1_0.complete,
        t1_0.content,
        t1_0.due_date,
        t1_0.title 
    from
        tbl_todo t1_0 
    where
        t1_0.tno=?
Hibernate: 
    insert 
    into
        tbl_todo
        (complete, content, due_date, title, tno) 
    values
        (?, ?, ?, ?, ?)
Hibernate: 
    select
        t1_0.tno,
        t1_0.complete,
        t1_0.content,
        t1_0.due_date,
        t1_0.title 
    from
        tbl_todo t1_0 
    where
        t1_0.tno=?
Hibernate: 
    insert 
    into
        tbl_todo
        (complete, content, due_date, title, tno) 
    values
        (?, ?, ?, ?, ?)
Hibernate: 
    select
        t1_0.tno,
        t1_0.complete,
        t1_0.content,
        t1_0.due_date,
        t1_0.title 
    from
        tbl_todo t1_0 
    where
        t1_0.tno=?
Hibernate: 
    insert 
    into
        tbl_todo
        (complete, content, due_date, title, tno) 
    values
        (?, ?, ?, ?, ?)
Hibernate: 
    select
        t1_0.tno,
        t1_0.complete,
        t1_0.content,
        t1_0.due_date,
        t1_0.title 
    from
        tbl_todo t1_0 
    where
        t1_0.tno=?
Hibernate: 
    insert 
    into
        tbl_todo
        (complete, content, due_date, title, tno) 
    values
        (?, ?, ?, ?, ?)
Hibernate: 
    select
        t1_0.tno,
        t1_0.complete,
        t1_0.content,
        t1_0.due_date,
        t1_0.title 
    from
        tbl_todo t1_0 
    where
        t1_0.tno=?
Hibernate: 
    insert 
    into
        tbl_todo
        (complete, content, due_date, title, tno) 
    values
        (?, ?, ?, ?, ?)
Hibernate: 
    select
        t1_0.tno,
        t1_0.complete,
        t1_0.content,
        t1_0.due_date,
        t1_0.title 
    from
        tbl_todo t1_0 
    where
        t1_0.tno=?
Hibernate: 
    insert 
    into
        tbl_todo
        (complete, content, due_date, title, tno) 
    values
        (?, ?, ?, ?, ?)
Hibernate: 
    select
        t1_0.tno,
        t1_0.complete,
        t1_0.content,
        t1_0.due_date,
        t1_0.title 
    from
        tbl_todo t1_0 
    where
        t1_0.tno=?
Hibernate: 
    insert 
    into
        tbl_todo
        (complete, content, due_date, title, tno) 
    values
        (?, ?, ?, ?, ?)
Hibernate: 
    select
        t1_0.tno,
        t1_0.complete,
        t1_0.content,
        t1_0.due_date,
        t1_0.title 
    from
        tbl_todo t1_0 
    where
        t1_0.tno=?
Hibernate: 
    insert 
    into
        tbl_todo
        (complete, content, due_date, title, tno) 
    values
        (?, ?, ?, ?, ?)
Hibernate: 
    select
        t1_0.tno,
        t1_0.complete,
        t1_0.content,
        t1_0.due_date,
        t1_0.title 
    from
        tbl_todo t1_0 
    where
        t1_0.tno=?
Hibernate: 
    insert 
    into
        tbl_todo
        (complete, content, due_date, title, tno) 
    values
        (?, ?, ?, ?, ?)
Hibernate: 
    select
        t1_0.tno,
        t1_0.complete,
        t1_0.content,
        t1_0.due_date,
        t1_0.title 
    from
        tbl_todo t1_0 
    where
        t1_0.tno=?
Hibernate: 
    insert 
    into
        tbl_todo
        (complete, content, due_date, title, tno) 
    values
        (?, ?, ?, ?, ?)
Hibernate: 
    select
        t1_0.tno,
        t1_0.complete,
        t1_0.content,
        t1_0.due_date,
        t1_0.title 
    from
        tbl_todo t1_0 
    where
        t1_0.tno=?
Hibernate: 
    insert 
    into
        tbl_todo
        (complete, content, due_date, title, tno) 
    values
        (?, ?, ?, ?, ?)
Hibernate: 
    select
        t1_0.tno,
        t1_0.complete,
        t1_0.content,
        t1_0.due_date,
        t1_0.title 
    from
        tbl_todo t1_0 
    where
        t1_0.tno=?
Hibernate: 
    insert 
    into
        tbl_todo
        (complete, content, due_date, title, tno) 
    values
        (?, ?, ?, ?, ?)
Hibernate: 
    select
        t1_0.tno,
        t1_0.complete,
        t1_0.content,
        t1_0.due_date,
        t1_0.title 
    from
        tbl_todo t1_0 
    where
        t1_0.tno=?
Hibernate: 
    insert 
    into
        tbl_todo
        (complete, content, due_date, title, tno) 
    values
        (?, ?, ?, ?, ?)
Hibernate: 
    select
        t1_0.tno,
        t1_0.complete,
        t1_0.content,
        t1_0.due_date,
        t1_0.title 
    from
        tbl_todo t1_0 
    where
        t1_0.tno=?
Hibernate: 
    insert 
    into
        tbl_todo
        (complete, content, due_date, title, tno) 
    values
        (?, ?, ?, ?, ?)
Hibernate: 
    select
        t1_0.tno,
        t1_0.complete,
        t1_0.content,
        t1_0.due_date,
        t1_0.title 
    from
        tbl_todo t1_0 
    where
        t1_0.tno=?
Hibernate: 
    insert 
    into
        tbl_todo
        (complete, content, due_date, title, tno) 
    values
        (?, ?, ?, ?, ?)
Hibernate: 
    select
        t1_0.tno,
        t1_0.complete,
        t1_0.content,
        t1_0.due_date,
        t1_0.title 
    from
        tbl_todo t1_0 
    where
        t1_0.tno=?
Hibernate: 
    insert 
    into
        tbl_todo
        (complete, content, due_date, title, tno) 
    values
        (?, ?, ?, ?, ?)
Hibernate: 
    select
        t1_0.tno,
        t1_0.complete,
        t1_0.content,
        t1_0.due_date,
        t1_0.title 
    from
        tbl_todo t1_0 
    where
        t1_0.tno=?
Hibernate: 
    insert 
    into
        tbl_todo
        (complete, content, due_date, title, tno) 
    values
        (?, ?, ?, ?, ?)
Hibernate: 
    select
        t1_0.tno,
        t1_0.complete,
        t1_0.content,
        t1_0.due_date,
        t1_0.title 
    from
        tbl_todo t1_0 
    where
        t1_0.tno=?
Hibernate: 
    insert 
    into
        tbl_todo
        (complete, content, due_date, title, tno) 
    values
        (?, ?, ?, ?, ?)
Hibernate: 
    select
        t1_0.tno,
        t1_0.complete,
        t1_0.content,
        t1_0.due_date,
        t1_0.title 
    from
        tbl_todo t1_0 
    where
        t1_0.tno=?
Hibernate: 
    insert 
    into
        tbl_todo
        (complete, content, due_date, title, tno) 
    values
        (?, ?, ?, ?, ?)
Hibernate: 
    select
        t1_0.tno,
        t1_0.complete,
        t1_0.content,
        t1_0.due_date,
        t1_0.title 
    from
        tbl_todo t1_0 
    where
        t1_0.tno=?
Hibernate: 
    insert 
    into
        tbl_todo
        (complete, content, due_date, title, tno) 
    values
        (?, ?, ?, ?, ?)
Hibernate: 
    select
        t1_0.tno,
        t1_0.complete,
        t1_0.content,
        t1_0.due_date,
        t1_0.title 
    from
        tbl_todo t1_0 
    where
        t1_0.tno=?
Hibernate: 
    insert 
    into
        tbl_todo
        (complete, content, due_date, title, tno) 
    values
        (?, ?, ?, ?, ?)
Hibernate: 
    select
        t1_0.tno,
        t1_0.complete,
        t1_0.content,
        t1_0.due_date,
        t1_0.title 
    from
        tbl_todo t1_0 
    where
        t1_0.tno=?
Hibernate: 
    insert 
    into
        tbl_todo
        (complete, content, due_date, title, tno) 
    values
        (?, ?, ?, ?, ?)
Hibernate: 
    select
        t1_0.tno,
        t1_0.complete,
        t1_0.content,
        t1_0.due_date,
        t1_0.title 
    from
        tbl_todo t1_0 
    where
        t1_0.tno=?
Hibernate: 
    insert 
    into
        tbl_todo
        (complete, content, due_date, title, tno) 
    values
        (?, ?, ?, ?, ?)
Hibernate: 
    select
        t1_0.tno,
        t1_0.complete,
        t1_0.content,
        t1_0.due_date,
        t1_0.title 
    from
        tbl_todo t1_0 
    where
        t1_0.tno=?
Hibernate: 
    insert 
    into
        tbl_todo
        (complete, content, due_date, title, tno) 
    values
        (?, ?, ?, ?, ?)
Hibernate: 
    select
        t1_0.tno,
        t1_0.complete,
        t1_0.content,
        t1_0.due_date,
        t1_0.title 
    from
        tbl_todo t1_0 
    where
        t1_0.tno=?
Hibernate: 
    insert 
    into
        tbl_todo
        (complete, content, due_date, title, tno) 
    values
        (?, ?, ?, ?, ?)
Hibernate: 
    select
        t1_0.tno,
        t1_0.complete,
        t1_0.content,
        t1_0.due_date,
        t1_0.title 
    from
        tbl_todo t1_0 
    where
        t1_0.tno=?
Hibernate: 
    insert 
    into
        tbl_todo
        (complete, content, due_date, title, tno) 
    values
        (?, ?, ?, ?, ?)
Hibernate: 
    select
        t1_0.tno,
        t1_0.complete,
        t1_0.content,
        t1_0.due_date,
        t1_0.title 
    from
        tbl_todo t1_0 
    where
        t1_0.tno=?
Hibernate: 
    insert 
    into
        tbl_todo
        (complete, content, due_date, title, tno) 
    values
        (?, ?, ?, ?, ?)
Hibernate: 
    select
        t1_0.tno,
        t1_0.complete,
        t1_0.content,
        t1_0.due_date,
        t1_0.title 
    from
        tbl_todo t1_0 
    where
        t1_0.tno=?
Hibernate: 
    insert 
    into
        tbl_todo
        (complete, content, due_date, title, tno) 
    values
        (?, ?, ?, ?, ?)
Hibernate: 
    select
        t1_0.tno,
        t1_0.complete,
        t1_0.content,
        t1_0.due_date,
        t1_0.title 
    from
        tbl_todo t1_0 
    where
        t1_0.tno=?
Hibernate: 
    insert 
    into
        tbl_todo
        (complete, content, due_date, title, tno) 
    values
        (?, ?, ?, ?, ?)
Hibernate: 
    select
        t1_0.tno,
        t1_0.complete,
        t1_0.content,
        t1_0.due_date,
        t1_0.title 
    from
        tbl_todo t1_0 
    where
        t1_0.tno=?
Hibernate: 
    insert 
    into
        tbl_todo
        (complete, content, due_date, title, tno) 
    values
        (?, ?, ?, ?, ?)
Hibernate: 
    select
        t1_0.tno,
        t1_0.complete,
        t1_0.content,
        t1_0.due_date,
        t1_0.title 
    from
        tbl_todo t1_0 
    where
        t1_0.tno=?
Hibernate: 
    insert 
    into
        tbl_todo
        (complete, content, due_date, title, tno) 
    values
        (?, ?, ?, ?, ?)
Hibernate: 
    select
        t1_0.tno,
        t1_0.complete,
        t1_0.content,
        t1_0.due_date,
        t1_0.title 
    from
        tbl_todo t1_0 
    where
        t1_0.tno=?
Hibernate: 
    insert 
    into
        tbl_todo
        (complete, content, due_date, title, tno) 
    values
        (?, ?, ?, ?, ?)
Hibernate: 
    select
        t1_0.tno,
        t1_0.complete,
        t1_0.content,
        t1_0.due_date,
        t1_0.title 
    from
        tbl_todo t1_0 
    where
        t1_0.tno=?
Hibernate: 
    insert 
    into
        tbl_todo
        (complete, content, due_date, title, tno) 
    values
        (?, ?, ?, ?, ?)
Hibernate: 
    select
        t1_0.tno,
        t1_0.complete,
        t1_0.content,
        t1_0.due_date,
        t1_0.title 
    from
        tbl_todo t1_0 
    where
        t1_0.tno=?
Hibernate: 
    insert 
    into
        tbl_todo
        (complete, content, due_date, title, tno) 
    values
        (?, ?, ?, ?, ?)
Hibernate: 
    select
        t1_0.tno,
        t1_0.complete,
        t1_0.content,
        t1_0.due_date,
        t1_0.title 
    from
        tbl_todo t1_0 
    where
        t1_0.tno=?
Hibernate: 
    insert 
    into
        tbl_todo
        (complete, content, due_date, title, tno) 
    values
        (?, ?, ?, ?, ?)
Hibernate: 
    select
        t1_0.tno,
        t1_0.complete,
        t1_0.content,
        t1_0.due_date,
        t1_0.title 
    from
        tbl_todo t1_0 
    where
        t1_0.tno=?
Hibernate: 
    insert 
    into
        tbl_todo
        (complete, content, due_date, title, tno) 
    values
        (?, ?, ?, ?, ?)
Hibernate: 
    select
        t1_0.tno,
        t1_0.complete,
        t1_0.content,
        t1_0.due_date,
        t1_0.title 
    from
        tbl_todo t1_0 
    where
        t1_0.tno=?
Hibernate: 
    insert 
    into
        tbl_todo
        (complete, content, due_date, title, tno) 
    values
        (?, ?, ?, ?, ?)
Hibernate: 
    select
        t1_0.tno,
        t1_0.complete,
        t1_0.content,
        t1_0.due_date,
        t1_0.title 
    from
        tbl_todo t1_0 
    where
        t1_0.tno=?
Hibernate: 
    insert 
    into
        tbl_todo
        (complete, content, due_date, title, tno) 
    values
        (?, ?, ?, ?, ?)
Hibernate: 
    select
        t1_0.tno,
        t1_0.complete,
        t1_0.content,
        t1_0.due_date,
        t1_0.title 
    from
        tbl_todo t1_0 
    where
        t1_0.tno=?
Hibernate: 
    insert 
    into
        tbl_todo
        (complete, content, due_date, title, tno) 
    values
        (?, ?, ?, ?, ?)
Hibernate: 
    select
        t1_0.tno,
        t1_0.complete,
        t1_0.content,
        t1_0.due_date,
        t1_0.title 
    from
        tbl_todo t1_0 
    where
        t1_0.tno=?
Hibernate: 
    insert 
    into
        tbl_todo
        (complete, content, due_date, title, tno) 
    values
        (?, ?, ?, ?, ?)
Hibernate: 
    select
        t1_0.tno,
        t1_0.complete,
        t1_0.content,
        t1_0.due_date,
        t1_0.title 
    from
        tbl_todo t1_0 
    where
        t1_0.tno=?
Hibernate: 
    insert 
    into
        tbl_todo
        (complete, content, due_date, title, tno) 
    values
        (?, ?, ?, ?, ?)
Hibernate: 
    select
        t1_0.tno,
        t1_0.complete,
        t1_0.content,
        t1_0.due_date,
        t1_0.title 
    from
        tbl_todo t1_0 
    where
        t1_0.tno=?
Hibernate: 
    insert 
    into
        tbl_todo
        (complete, content, due_date, title, tno) 
    values
        (?, ?, ?, ?, ?)
Hibernate: 
    select
        t1_0.tno,
        t1_0.complete,
        t1_0.content,
        t1_0.due_date,
        t1_0.title 
    from
        tbl_todo t1_0 
    where
        t1_0.tno=?
Hibernate: 
    insert 
    into
        tbl_todo
        (complete, content, due_date, title, tno) 
    values
        (?, ?, ?, ?, ?)
Hibernate: 
    select
        t1_0.tno,
        t1_0.complete,
        t1_0.content,
        t1_0.due_date,
        t1_0.title 
    from
        tbl_todo t1_0 
    where
        t1_0.tno=?
Hibernate: 
    insert 
    into
        tbl_todo
        (complete, content, due_date, title, tno) 
    values
        (?, ?, ?, ?, ?)
Hibernate: 
    select
        t1_0.tno,
        t1_0.complete,
        t1_0.content,
        t1_0.due_date,
        t1_0.title 
    from
        tbl_todo t1_0 
    where
        t1_0.tno=?
Hibernate: 
    insert 
    into
        tbl_todo
        (complete, content, due_date, title, tno) 
    values
        (?, ?, ?, ?, ?)
Hibernate: 
    select
        t1_0.tno,
        t1_0.complete,
        t1_0.content,
        t1_0.due_date,
        t1_0.title 
    from
        tbl_todo t1_0 
    where
        t1_0.tno=?
Hibernate: 
    insert 
    into
        tbl_todo
        (complete, content, due_date, title, tno) 
    values
        (?, ?, ?, ?, ?)
Hibernate: 
    select
        t1_0.tno,
        t1_0.complete,
        t1_0.content,
        t1_0.due_date,
        t1_0.title 
    from
        tbl_todo t1_0 
    where
        t1_0.tno=?
Hibernate: 
    insert 
    into
        tbl_todo
        (complete, content, due_date, title, tno) 
    values
        (?, ?, ?, ?, ?)
Hibernate: 
    select
        t1_0.tno,
        t1_0.complete,
        t1_0.content,
        t1_0.due_date,
        t1_0.title 
    from
        tbl_todo t1_0 
    where
        t1_0.tno=?
Hibernate: 
    insert 
    into
        tbl_todo
        (complete, content, due_date, title, tno) 
    values
        (?, ?, ?, ?, ?)
Hibernate: 
    select
        t1_0.tno,
        t1_0.complete,
        t1_0.content,
        t1_0.due_date,
        t1_0.title 
    from
        tbl_todo t1_0 
    where
        t1_0.tno=?
Hibernate: 
    insert 
    into
        tbl_todo
        (complete, content, due_date, title, tno) 
    values
        (?, ?, ?, ?, ?)
Hibernate: 
    select
        t1_0.tno,
        t1_0.complete,
        t1_0.content,
        t1_0.due_date,
        t1_0.title 
    from
        tbl_todo t1_0 
    where
        t1_0.tno=?
Hibernate: 
    insert 
    into
        tbl_todo
        (complete, content, due_date, title, tno) 
    values
        (?, ?, ?, ?, ?)
Hibernate: 
    select
        t1_0.tno,
        t1_0.complete,
        t1_0.content,
        t1_0.due_date,
        t1_0.title 
    from
        tbl_todo t1_0 
    where
        t1_0.tno=?
Hibernate: 
    insert 
    into
        tbl_todo
        (complete, content, due_date, title, tno) 
    values
        (?, ?, ?, ?, ?)
Hibernate: 
    select
        t1_0.tno,
        t1_0.complete,
        t1_0.content,
        t1_0.due_date,
        t1_0.title 
    from
        tbl_todo t1_0 
    where
        t1_0.tno=?
Hibernate: 
    insert 
    into
        tbl_todo
        (complete, content, due_date, title, tno) 
    values
        (?, ?, ?, ?, ?)
Hibernate: 
    select
        t1_0.tno,
        t1_0.complete,
        t1_0.content,
        t1_0.due_date,
        t1_0.title 
    from
        tbl_todo t1_0 
    where
        t1_0.tno=?
Hibernate: 
    insert 
    into
        tbl_todo
        (complete, content, due_date, title, tno) 
    values
        (?, ?, ?, ?, ?)
Hibernate: 
    select
        t1_0.tno,
        t1_0.complete,
        t1_0.content,
        t1_0.due_date,
        t1_0.title 
    from
        tbl_todo t1_0 
    where
        t1_0.tno=?
Hibernate: 
    insert 
    into
        tbl_todo
        (complete, content, due_date, title, tno) 
    values
        (?, ?, ?, ?, ?)
Hibernate: 
    select
        t1_0.tno,
        t1_0.complete,
        t1_0.content,
        t1_0.due_date,
        t1_0.title 
    from
        tbl_todo t1_0 
    where
        t1_0.tno=?
Hibernate: 
    insert 
    into
        tbl_todo
        (complete, content, due_date, title, tno) 
    values
        (?, ?, ?, ?, ?)
Hibernate: 
    select
        t1_0.tno,
        t1_0.complete,
        t1_0.content,
        t1_0.due_date,
        t1_0.title 
    from
        tbl_todo t1_0 
    where
        t1_0.tno=?
Hibernate: 
    insert 
    into
        tbl_todo
        (complete, content, due_date, title, tno) 
    values
        (?, ?, ?, ?, ?)
Hibernate: 
    select
        t1_0.tno,
        t1_0.complete,
        t1_0.content,
        t1_0.due_date,
        t1_0.title 
    from
        tbl_todo t1_0 
    where
        t1_0.tno=?
Hibernate: 
    insert 
    into
        tbl_todo
        (complete, content, due_date, title, tno) 
    values
        (?, ?, ?, ?, ?)
Hibernate: 
    select
        t1_0.tno,
        t1_0.complete,
        t1_0.content,
        t1_0.due_date,
        t1_0.title 
    from
        tbl_todo t1_0 
    where
        t1_0.tno=?
Hibernate: 
    insert 
    into
        tbl_todo
        (complete, content, due_date, title, tno) 
    values
        (?, ?, ?, ?, ?)
Hibernate: 
    select
        t1_0.tno,
        t1_0.complete,
        t1_0.content,
        t1_0.due_date,
        t1_0.title 
    from
        tbl_todo t1_0 
    where
        t1_0.tno=?
Hibernate: 
    insert 
    into
        tbl_todo
        (complete, content, due_date, title, tno) 
    values
        (?, ?, ?, ?, ?)
Hibernate: 
    select
        t1_0.tno,
        t1_0.complete,
        t1_0.content,
        t1_0.due_date,
        t1_0.title 
    from
        tbl_todo t1_0 
    where
        t1_0.tno=?
Hibernate: 
    insert 
    into
        tbl_todo
        (complete, content, due_date, title, tno) 
    values
        (?, ?, ?, ?, ?)
Hibernate: 
    select
        t1_0.tno,
        t1_0.complete,
        t1_0.content,
        t1_0.due_date,
        t1_0.title 
    from
        tbl_todo t1_0 
    where
        t1_0.tno=?
Hibernate: 
    insert 
    into
        tbl_todo
        (complete, content, due_date, title, tno) 
    values
        (?, ?, ?, ?, ?)
Hibernate: 
    select
        t1_0.tno,
        t1_0.complete,
        t1_0.content,
        t1_0.due_date,
        t1_0.title 
    from
        tbl_todo t1_0 
    where
        t1_0.tno=?
Hibernate: 
    insert 
    into
        tbl_todo
        (complete, content, due_date, title, tno) 
    values
        (?, ?, ?, ?, ?)
]]></system-out>
  <system-err><![CDATA[WARNING: A Java agent has been loaded dynamically (/Users/yeonguchoe/.gradle/caches/modules-2/files-2.1/net.bytebuddy/byte-buddy-agent/1.14.12/be4984cb6fd1ef1d11f218a648889dfda44b8a15/byte-buddy-agent-1.14.12.jar)
WARNING: If a serviceability tool is in use, please run with -XX:+EnableDynamicAgentLoading to hide this warning
WARNING: If a serviceability tool is not in use, please run with -Djdk.instrument.traceUsage for more information
WARNING: Dynamic loading of agents will be disallowed by default in a future release
]]></system-err>
</testsuite>
